2024-05-15 12:18:04,335 INFO o.a.j.u.JMeterUtils: Setting Locale to es_419
2024-05-15 12:18:04,350 INFO o.a.j.u.JMeterUtils: Could not find resources for 'es_419', using 'es'
2024-05-15 12:18:04,350 INFO o.a.j.JMeter: Loading user properties from: user.properties
2024-05-15 12:18:04,351 INFO o.a.j.JMeter: Loading system properties from: system.properties
2024-05-15 12:18:04,351 INFO o.a.j.JMeter: Loading additional properties from: /Users/mpaterninaj/Downloads/apache-jmeter-5.6.3/bin/user.properties
2024-05-15 12:18:04,355 INFO o.a.j.JMeter: Copyright (c) 1998-2024 The Apache Software Foundation
2024-05-15 12:18:04,355 INFO o.a.j.JMeter: Version 5.6.3
2024-05-15 12:18:04,355 INFO o.a.j.JMeter: java.version=17.0.10
2024-05-15 12:18:04,355 INFO o.a.j.JMeter: java.vm.name=Java HotSpot(TM) 64-Bit Server VM
2024-05-15 12:18:04,355 INFO o.a.j.JMeter: os.name=Mac OS X
2024-05-15 12:18:04,355 INFO o.a.j.JMeter: os.arch=aarch64
2024-05-15 12:18:04,355 INFO o.a.j.JMeter: os.version=12.6
2024-05-15 12:18:04,355 INFO o.a.j.JMeter: file.encoding=UTF-8
2024-05-15 12:18:04,355 INFO o.a.j.JMeter: java.awt.headless=true
2024-05-15 12:18:04,355 INFO o.a.j.JMeter: Max memory     =4294967296
2024-05-15 12:18:04,355 INFO o.a.j.JMeter: Available Processors =8
2024-05-15 12:18:04,360 INFO o.a.j.JMeter: Default Locale=español (Latinoamérica)
2024-05-15 12:18:04,360 INFO o.a.j.JMeter: JMeter  Locale=español (Latinoamérica)
2024-05-15 12:18:04,360 INFO o.a.j.JMeter: JMeterHome=/Users/mpaterninaj/Downloads/apache-jmeter-5.6.3
2024-05-15 12:18:04,360 INFO o.a.j.JMeter: user.dir  =/Users/mpaterninaj/Downloads/apache-jmeter-5.6.3/bin
2024-05-15 12:18:04,361 INFO o.a.j.JMeter: PWD       =/Users/mpaterninaj/Downloads/apache-jmeter-5.6.3/bin
2024-05-15 12:18:04,361 INFO o.a.j.JMeter: IP: 192.168.1.5 Name: GSY7H7QMACD01EX FullName: 192.168.1.5
2024-05-15 12:18:04,370 INFO o.a.j.JMeter: Setting property 'jmeter.reportgenerator.outputdir' to:'/Users/mpaterninaj/Downloads/apache-jmeter-5.6.3/Reporte_nuevo'
2024-05-15 12:18:04,371 INFO o.a.j.r.d.ReportGenerator: ReportGenerator will use for Parsing the separator: ','
2024-05-15 12:18:04,371 INFO o.a.j.r.d.ReportGenerator: Will only generate report from results file: /Users/mpaterninaj/Downloads/apache-jmeter-5.6.3/Reportes GETM_reporte_10000_0.csv
2024-05-15 12:18:04,371 INFO o.a.j.r.d.ReportGenerator: Reading report generator properties from: /Users/mpaterninaj/Downloads/apache-jmeter-5.6.3/bin/reportgenerator.properties
2024-05-15 12:18:04,372 INFO o.a.j.r.d.ReportGenerator: Merging with JMeter properties
2024-05-15 12:18:04,374 INFO o.a.j.r.c.ReportGeneratorConfiguration: Property 'jmeter.reportgenerator.temp_dir' not found, using default value 'temp' instead.
2024-05-15 12:18:04,375 INFO o.a.j.r.c.ReportGeneratorConfiguration: Property 'jmeter.reportgenerator.apdex_per_transaction' not found, using default value 'null' instead.
2024-05-15 12:18:04,383 INFO o.a.j.r.c.ReportGeneratorConfiguration: apdex_per_transaction is empty, not APDEX per transaction customization
2024-05-15 12:18:04,383 INFO o.a.j.r.c.ReportGeneratorConfiguration: Property 'jmeter.reportgenerator.sample_filter' not found, using default value 'null' instead.
2024-05-15 12:18:04,383 INFO o.a.j.r.c.ReportGeneratorConfiguration: Property 'jmeter.reportgenerator.start_date' not found, using default value 'null' instead.
2024-05-15 12:18:04,383 INFO o.a.j.r.c.ReportGeneratorConfiguration: Property 'jmeter.reportgenerator.end_date' not found, using default value 'null' instead.
2024-05-15 12:18:04,383 INFO o.a.j.r.c.ReportGeneratorConfiguration: Property 'jmeter.reportgenerator.date_format' not found, using default value 'null' instead.
2024-05-15 12:18:04,384 INFO o.a.j.r.c.ReportGeneratorConfiguration: Will use date range start date: null, end date: null
2024-05-15 12:18:04,386 INFO o.a.j.r.c.ReportGeneratorConfiguration: Property 'jmeter.reportgenerator.graph.totalTPS.exclude_controllers' not found, using default value 'false' instead.
2024-05-15 12:18:04,386 INFO o.a.j.r.c.ReportGeneratorConfiguration: Property 'jmeter.reportgenerator.graph.activeThreadsOverTime.exclude_controllers' not found, using default value 'false' instead.
2024-05-15 12:18:04,386 INFO o.a.j.r.c.ReportGeneratorConfiguration: Property 'jmeter.reportgenerator.graph.timeVsThreads.exclude_controllers' not found, using default value 'false' instead.
2024-05-15 12:18:04,386 INFO o.a.j.r.c.ReportGeneratorConfiguration: Property 'jmeter.reportgenerator.graph.responseTimeDistribution.exclude_controllers' not found, using default value 'false' instead.
2024-05-15 12:18:04,387 INFO o.a.j.r.c.ReportGeneratorConfiguration: Property 'jmeter.reportgenerator.graph.transactionsPerSecond.exclude_controllers' not found, using default value 'false' instead.
2024-05-15 12:18:04,387 INFO o.a.j.r.c.ReportGeneratorConfiguration: Property 'jmeter.reportgenerator.graph.responseTimePercentiles.exclude_controllers' not found, using default value 'false' instead.
2024-05-15 12:18:04,387 INFO o.a.j.r.c.ReportGeneratorConfiguration: Property 'jmeter.reportgenerator.graph.responseTimePercentilesOverTime.exclude_controllers' not found, using default value 'false' instead.
2024-05-15 12:18:04,387 INFO o.a.j.r.c.ReportGeneratorConfiguration: Property 'jmeter.reportgenerator.graph.responseTimesOverTime.exclude_controllers' not found, using default value 'false' instead.
2024-05-15 12:18:04,387 INFO o.a.j.r.c.ReportGeneratorConfiguration: Property 'jmeter.reportgenerator.graph.connectTimeOverTime.exclude_controllers' not found, using default value 'false' instead.
2024-05-15 12:18:04,387 INFO o.a.j.r.c.ReportGeneratorConfiguration: Property 'jmeter.reportgenerator.graph.latenciesOverTime.exclude_controllers' not found, using default value 'false' instead.
2024-05-15 12:18:04,387 INFO o.a.j.r.c.ReportGeneratorConfiguration: Property 'jmeter.reportgenerator.exporter.json.filters_only_sample_series' not found, using default value 'true' instead.
2024-05-15 12:18:04,387 INFO o.a.j.r.c.ReportGeneratorConfiguration: Property 'jmeter.reportgenerator.exporter.json.series_filter' not found, using default value '' instead.
2024-05-15 12:18:04,387 INFO o.a.j.r.c.ReportGeneratorConfiguration: Property 'jmeter.reportgenerator.exporter.json.show_controllers_only' not found, using default value 'false' instead.
2024-05-15 12:18:04,387 INFO o.a.j.r.c.ReportGeneratorConfiguration: Property 'jmeter.reportgenerator.exporter.html.filters_only_sample_series' not found, using default value 'true' instead.
2024-05-15 12:18:04,388 INFO o.a.j.r.c.ReportGeneratorConfiguration: Property 'jmeter.reportgenerator.exporter.html.show_controllers_only' not found, using default value 'false' instead.
2024-05-15 12:18:04,503 INFO o.a.j.s.SaveService: Testplan (JMX) version: 2.2. Testlog (JTL) version: 2.2
2024-05-15 12:18:04,521 INFO o.a.j.s.SaveService: Using SaveService properties version 5.0
2024-05-15 12:18:04,523 INFO o.a.j.s.SaveService: Using SaveService properties file encoding UTF-8
2024-05-15 12:18:04,546 INFO o.a.j.r.p.NormalizerSampleConsumer: Using format, 'ms', to parse timeStamp field
2024-05-15 12:18:04,720 INFO o.a.j.r.p.AbstractSampleConsumer: class org.apache.jmeter.report.processor.AggregateConsumer#stopProducing(): beginDate produced 0 samples
2024-05-15 12:18:04,720 INFO o.a.j.r.p.AbstractSampleConsumer: class org.apache.jmeter.report.processor.AggregateConsumer#stopProducing(): endDate produced 0 samples
2024-05-15 12:18:04,722 INFO o.a.j.r.p.AbstractSampleConsumer: class org.apache.jmeter.report.processor.ApdexSummaryConsumer#stopProducing(): apdexSummary produced 0 samples
2024-05-15 12:18:04,722 INFO o.a.j.r.p.AbstractSampleConsumer: class org.apache.jmeter.report.processor.RequestsSummaryConsumer#stopProducing(): requestsSummary produced 0 samples
2024-05-15 12:18:04,727 INFO o.a.j.r.p.AbstractSampleConsumer: class org.apache.jmeter.report.processor.StatisticsSummaryConsumer#stopProducing(): statisticsSummary produced 0 samples
2024-05-15 12:18:04,729 INFO o.a.j.r.p.AbstractSampleConsumer: class org.apache.jmeter.report.processor.Top5ErrorsBySamplerConsumer#stopProducing(): top5ErrorsBySampler produced 0 samples
2024-05-15 12:18:04,730 INFO o.a.j.r.p.AbstractSampleConsumer: class org.apache.jmeter.report.processor.ErrorsSummaryConsumer#stopProducing(): errorsSummary produced 0 samples
2024-05-15 12:18:04,730 INFO o.a.j.r.p.AbstractSampleConsumer: class org.apache.jmeter.report.processor.graph.impl.HitsPerSecondGraphConsumer#stopProducing(): hitsPerSecond produced 0 samples
2024-05-15 12:18:04,768 INFO o.a.j.r.p.AbstractSampleConsumer: class org.apache.jmeter.report.processor.graph.impl.LatencyVSRequestGraphConsumer#stopProducing(): latencyVsRequest produced 0 samples
2024-05-15 12:18:04,769 INFO o.a.j.r.p.AbstractSampleConsumer: class org.apache.jmeter.report.processor.graph.impl.SyntheticResponseTimeDistributionGraphConsumer#stopProducing(): syntheticResponseTimeDistribution produced 0 samples
2024-05-15 12:18:04,769 INFO o.a.j.r.p.AbstractSampleConsumer: class org.apache.jmeter.report.processor.graph.impl.BytesThroughputGraphConsumer#stopProducing(): bytesThroughputOverTime produced 0 samples
2024-05-15 12:18:04,770 INFO o.a.j.r.p.AbstractSampleConsumer: class org.apache.jmeter.report.processor.graph.impl.CodesPerSecondGraphConsumer#stopProducing(): codesPerSecond produced 0 samples
2024-05-15 12:18:04,805 INFO o.a.j.r.p.AbstractSampleConsumer: class org.apache.jmeter.report.processor.graph.impl.ResponseTimeVSRequestGraphConsumer#stopProducing(): responseTimeVsRequest produced 0 samples
2024-05-15 12:18:04,805 INFO o.a.j.r.p.AbstractSampleConsumer: class org.apache.jmeter.report.processor.FilterConsumer#stopProducing(): startIntervalControlerFilter produced 28406 samples
2024-05-15 12:18:04,806 INFO o.a.j.r.p.AbstractSampleConsumer: class org.apache.jmeter.report.processor.graph.impl.TotalTPSGraphConsumer#stopProducing(): totalTPS produced 0 samples
2024-05-15 12:18:04,806 INFO o.a.j.r.p.AbstractSampleConsumer: class org.apache.jmeter.report.processor.graph.impl.ActiveThreadsGraphConsumer#stopProducing(): activeThreadsOverTime produced 0 samples
2024-05-15 12:18:04,806 INFO o.a.j.r.p.AbstractSampleConsumer: class org.apache.jmeter.report.processor.graph.impl.TimeVSThreadGraphConsumer#stopProducing(): timeVsThreads produced 0 samples
2024-05-15 12:18:04,806 INFO o.a.j.r.p.AbstractSampleConsumer: class org.apache.jmeter.report.processor.graph.impl.ResponseTimeDistributionGraphConsumer#stopProducing(): responseTimeDistribution produced 0 samples
2024-05-15 12:18:04,806 INFO o.a.j.r.p.AbstractSampleConsumer: class org.apache.jmeter.report.processor.graph.impl.TransactionsPerSecondGraphConsumer#stopProducing(): transactionsPerSecond produced 0 samples
2024-05-15 12:18:04,806 INFO o.a.j.r.p.AbstractSampleConsumer: class org.apache.jmeter.report.processor.graph.impl.ResponseTimePercentilesGraphConsumer#stopProducing(): responseTimePercentiles produced 0 samples
2024-05-15 12:18:04,808 INFO o.a.j.r.p.AbstractSampleConsumer: class org.apache.jmeter.report.processor.graph.impl.ResponseTimePercentilesOverTimeGraphConsumer#stopProducing(): responseTimePercentilesOverTime produced 0 samples
2024-05-15 12:18:04,809 INFO o.a.j.r.p.AbstractSampleConsumer: class org.apache.jmeter.report.processor.graph.impl.ResponseTimeOverTimeGraphConsumer#stopProducing(): responseTimesOverTime produced 0 samples
2024-05-15 12:18:04,809 INFO o.a.j.r.p.AbstractSampleConsumer: class org.apache.jmeter.report.processor.graph.impl.ConnectTimeOverTimeGraphConsumer#stopProducing(): connectTimeOverTime produced 0 samples
2024-05-15 12:18:04,809 INFO o.a.j.r.p.AbstractSampleConsumer: class org.apache.jmeter.report.processor.graph.impl.LatencyOverTimeGraphConsumer#stopProducing(): latenciesOverTime produced 0 samples
2024-05-15 12:18:04,809 INFO o.a.j.r.p.AbstractSampleConsumer: class org.apache.jmeter.report.processor.FilterConsumer#stopProducing(): nameFilter produced 60870 samples
2024-05-15 12:18:04,809 INFO o.a.j.r.p.AbstractSampleConsumer: class org.apache.jmeter.report.processor.FilterConsumer#stopProducing(): dateRangeFilter produced 12174 samples
2024-05-15 12:18:04,809 INFO o.a.j.r.p.AbstractSampleConsumer: class org.apache.jmeter.report.processor.NormalizerSampleConsumer#stopProducing(): normalizer produced 4058 samples
2024-05-15 12:18:04,810 INFO o.a.j.r.p.CsvFileSampleSource: produce(): 4058 samples produced in 253ms on channel 0
2024-05-15 12:18:04,810 INFO o.a.j.r.d.ReportGenerator: Exporting data using exporter:'json' of className:'org.apache.jmeter.report.dashboard.JsonExporter'
2024-05-15 12:18:04,854 INFO o.a.j.r.d.JsonExporter: Found data for consumer statisticsSummary in context
2024-05-15 12:18:04,854 INFO o.a.j.r.d.JsonExporter: Creating statistics for overall
2024-05-15 12:18:04,854 INFO o.a.j.r.d.JsonExporter: Creating statistics for other transactions
2024-05-15 12:18:04,855 INFO o.a.j.r.d.JsonExporter: Checking output folder
2024-05-15 12:18:04,855 INFO o.a.j.r.d.JsonExporter: Writing statistics JSON to /Users/mpaterninaj/Downloads/apache-jmeter-5.6.3/Reporte_nuevo/statistics.json
2024-05-15 12:18:04,885 INFO o.a.j.r.d.ReportGenerator: Exporting data using exporter:'html' of className:'org.apache.jmeter.report.dashboard.HtmlTemplateExporter'
2024-05-15 12:18:04,887 INFO o.a.j.r.d.HtmlTemplateExporter: Will generate dashboard in folder: /Users/mpaterninaj/Downloads/apache-jmeter-5.6.3/Reporte_nuevo
2024-05-15 12:18:04,891 WARN o.a.j.r.d.HtmlTemplateExporter: No series matches the series_filter: series_filter in graph: totalTPS
2024-05-15 12:18:04,967 INFO o.a.j.r.d.HtmlTemplateExporter: Report will be generated in: /Users/mpaterninaj/Downloads/apache-jmeter-5.6.3/Reporte_nuevo, creating folder structure
2024-05-15 12:18:04,969 INFO o.a.j.r.d.TemplateVisitor: Copying folder from '/Users/mpaterninaj/Downloads/apache-jmeter-5.6.3/bin/report-template' to '/Users/mpaterninaj/Downloads/apache-jmeter-5.6.3/Reporte_nuevo', got message: /Users/mpaterninaj/Downloads/apache-jmeter-5.6.3/Reporte_nuevo, found non empty folder with following content [/Users/mpaterninaj/Downloads/apache-jmeter-5.6.3/Reporte_nuevo/statistics.json], will be ignored
